<?xml version="1.0" encoding="UTF-8"?>
<!-- Generated by org.testng.reporters.JUnitXMLReporter -->
<testsuite ignored="0" hostname="LAPTOP-9K3LEA1H" failures="0" tests="15" name="master" time="52.196" errors="0" timestamp="2024-07-08T21:22:26 IST">
  <testcase classname="testcases.Tc__001validLogin" name="Tc_001" time="5.118"/>
  <testcase classname="testcases.Tc_002_Invalid_Login" name="Tc_002" time="0.407"/>
  <testcase classname="testcases.Login_DataDriven" name="Tc_002" time="0.487"/>
  <testcase classname="testcases.Login_DataDriven" name="Tc_002" time="0.295"/>
  <testcase classname="testcases.Login_DataDriven" name="Tc_002" time="0.274"/>
  <testcase classname="testcases.Login_DataDriven" name="Tc_002" time="0.31"/>
  <testcase classname="testcases.Login_DataDriven" name="Tc_002" time="0.281"/>
  <testcase classname="testcases.Login_DataDriven" name="Tc_002" time="0.272"/>
  <testcase classname="testcases.Login_DataDriven" name="Tc_002" time="0.254"/>
  <testcase classname="testcases.Login_DataDriven" name="Tc_002" time="0.262"/>
  <testcase classname="testcases.Login_DataDriven" name="Tc_002" time="0.476"/>
  <testcase classname="testcases.Login_DataDriven" name="Tc_002" time="0.253"/>
  <testcase classname="testcases.Login_DataDriven" name="Tc_002" time="0.294"/>
  <testcase classname="testcases.Login_DataDriven" name="Tc_002" time="0.32"/>
  <testcase classname="testcases.Login_DataDriven" name="Tc_002" time="3.021"/>
</testsuite> <!-- master -->
