<?xml version="1.0" encoding="UTF-8"?>
<!-- Generated by org.testng.reporters.JUnitXMLReporter -->
<testsuite ignored="0" hostname="LAPTOP-9K3LEA1H" failures="0" tests="15" name="master" time="70.691" errors="0" timestamp="2024-10-08T13:53:13 IST">
  <testcase classname="testcases.Tc__001validLogin" name="Tc_001" time="6.8"/>
  <testcase classname="testcases.Tc_002_Invalid_Login" name="Tc_002" time="0.451"/>
  <testcase classname="testcases.Login_DataDriven" name="Tc_002" time="0.525"/>
  <testcase classname="testcases.Login_DataDriven" name="Tc_002" time="0.324"/>
  <testcase classname="testcases.Login_DataDriven" name="Tc_002" time="0.296"/>
  <testcase classname="testcases.Login_DataDriven" name="Tc_002" time="0.37"/>
  <testcase classname="testcases.Login_DataDriven" name="Tc_002" time="0.272"/>
  <testcase classname="testcases.Login_DataDriven" name="Tc_002" time="0.28"/>
  <testcase classname="testcases.Login_DataDriven" name="Tc_002" time="0.301"/>
  <testcase classname="testcases.Login_DataDriven" name="Tc_002" time="0.3"/>
  <testcase classname="testcases.Login_DataDriven" name="Tc_002" time="0.525"/>
  <testcase classname="testcases.Login_DataDriven" name="Tc_002" time="0.272"/>
  <testcase classname="testcases.Login_DataDriven" name="Tc_002" time="0.346"/>
  <testcase classname="testcases.Login_DataDriven" name="Tc_002" time="0.464"/>
  <testcase classname="testcases.Login_DataDriven" name="Tc_002" time="2.128"/>
</testsuite> <!-- master -->
