<?xml version="1.0" encoding="UTF-8"?>
<!-- Generated by org.testng.reporters.JUnitXMLReporter -->
<testsuite ignored="0" hostname="LAPTOP-9K3LEA1H" failures="0" tests="15" name="master" time="41.334" errors="0" timestamp="2024-07-08T13:30:53 IST">
  <testcase classname="testcases.Tc__001validLogin" name="Tc_001" time="5.806"/>
  <testcase classname="testcases.Tc_002_Invalid_Login" name="Tc_002" time="0.387"/>
  <testcase classname="testcases.Login_DataDriven" name="Tc_002" time="0.44"/>
  <testcase classname="testcases.Login_DataDriven" name="Tc_002" time="0.307"/>
  <testcase classname="testcases.Login_DataDriven" name="Tc_002" time="0.352"/>
  <testcase classname="testcases.Login_DataDriven" name="Tc_002" time="0.271"/>
  <testcase classname="testcases.Login_DataDriven" name="Tc_002" time="0.266"/>
  <testcase classname="testcases.Login_DataDriven" name="Tc_002" time="0.272"/>
  <testcase classname="testcases.Login_DataDriven" name="Tc_002" time="0.254"/>
  <testcase classname="testcases.Login_DataDriven" name="Tc_002" time="0.255"/>
  <testcase classname="testcases.Login_DataDriven" name="Tc_002" time="0.467"/>
  <testcase classname="testcases.Login_DataDriven" name="Tc_002" time="0.317"/>
  <testcase classname="testcases.Login_DataDriven" name="Tc_002" time="0.268"/>
  <testcase classname="testcases.Login_DataDriven" name="Tc_002" time="0.308"/>
  <testcase classname="testcases.Login_DataDriven" name="Tc_002" time="2.471"/>
</testsuite> <!-- master -->
