<?xml version="1.0" encoding="UTF-8"?>
<testng-results ignored="0" total="15" passed="15" failed="0" skipped="0">
  <reporter-output>
  </reporter-output>
  <suite started-at="2024-10-08T13:51:55 IST" name="master Suite" finished-at="2024-10-08T13:53:06 IST" duration-ms="70691">
    <groups>
      <group name="master">
        <method signature="Login_DataDriven.Tc_002(java.lang.String,java.lang.String,java.lang.String)[pri:0, instance:testcases.Login_DataDriven@2002348]" name="Tc_002" class="testcases.Login_DataDriven"/>
        <method signature="Tc_002_Invalid_Login.Tc_002()[pri:0, instance:testcases.Tc_002_Invalid_Login@3700ec9c]" name="Tc_002" class="testcases.Tc_002_Invalid_Login"/>
        <method signature="Tc__001validLogin.Tc_001()[pri:0, instance:testcases.Tc__001validLogin@2c532cd8]" name="Tc_001" class="testcases.Tc__001validLogin"/>
      </group> <!-- master -->
    </groups>
    <test started-at="2024-10-08T13:51:55 IST" name="master" finished-at="2024-10-08T13:53:06 IST" duration-ms="70691">
      <class name="testcases.Tc_002_Invalid_Login">
        <test-method is-config="true" signature="setup(java.lang.String,java.lang.String)[pri:0, instance:testcases.Tc_002_Invalid_Login@3700ec9c]" started-at="2024-10-08T13:52:34 IST" name="setup" finished-at="2024-10-08T13:52:44 IST" duration-ms="10310" status="PASS">
          <params>
            <param index="0">
              <value>
                <![CDATA[windows]]>
              </value>
            </param>
            <param index="1">
              <value>
                <![CDATA[chrome]]>
              </value>
            </param>
          </params>
          <reporter-output>
          </reporter-output>
        </test-method> <!-- setup -->
        <test-method signature="Tc_002()[pri:0, instance:testcases.Tc_002_Invalid_Login@3700ec9c]" started-at="2024-10-08T13:52:44 IST" name="Tc_002" finished-at="2024-10-08T13:52:45 IST" duration-ms="451" status="PASS">
          <reporter-output>
          </reporter-output>
        </test-method> <!-- Tc_002 -->
        <test-method is-config="true" signature="teardown()[pri:0, instance:testcases.Tc_002_Invalid_Login@3700ec9c]" started-at="2024-10-08T13:52:45 IST" name="teardown" finished-at="2024-10-08T13:52:45 IST" duration-ms="152" status="PASS">
          <reporter-output>
          </reporter-output>
        </test-method> <!-- teardown -->
      </class> <!-- testcases.Tc_002_Invalid_Login -->
      <class name="testcases.Tc__001validLogin">
        <test-method is-config="true" signature="setup(java.lang.String,java.lang.String)[pri:0, instance:testcases.Tc__001validLogin@2c532cd8]" started-at="2024-10-08T13:51:57 IST" name="setup" finished-at="2024-10-08T13:52:26 IST" duration-ms="28947" status="PASS">
          <params>
            <param index="0">
              <value>
                <![CDATA[windows]]>
              </value>
            </param>
            <param index="1">
              <value>
                <![CDATA[chrome]]>
              </value>
            </param>
          </params>
          <reporter-output>
          </reporter-output>
        </test-method> <!-- setup -->
        <test-method signature="Tc_001()[pri:0, instance:testcases.Tc__001validLogin@2c532cd8]" started-at="2024-10-08T13:52:26 IST" name="Tc_001" finished-at="2024-10-08T13:52:33 IST" duration-ms="6800" status="PASS">
          <reporter-output>
          </reporter-output>
        </test-method> <!-- Tc_001 -->
        <test-method is-config="true" signature="teardown()[pri:0, instance:testcases.Tc__001validLogin@2c532cd8]" started-at="2024-10-08T13:52:33 IST" name="teardown" finished-at="2024-10-08T13:52:34 IST" duration-ms="1112" status="PASS">
          <reporter-output>
          </reporter-output>
        </test-method> <!-- teardown -->
      </class> <!-- testcases.Tc__001validLogin -->
      <class name="testcases.Login_DataDriven">
        <test-method is-config="true" signature="setup(java.lang.String,java.lang.String)[pri:0, instance:testcases.Login_DataDriven@2002348]" started-at="2024-10-08T13:52:45 IST" name="setup" finished-at="2024-10-08T13:52:54 IST" duration-ms="8859" status="PASS">
          <params>
            <param index="0">
              <value>
                <![CDATA[windows]]>
              </value>
            </param>
            <param index="1">
              <value>
                <![CDATA[chrome]]>
              </value>
            </param>
          </params>
          <reporter-output>
          </reporter-output>
        </test-method> <!-- setup -->
        <test-method signature="Tc_002(java.lang.String,java.lang.String,java.lang.String)[pri:0, instance:testcases.Login_DataDriven@2002348]" started-at="2024-10-08T13:52:59 IST" name="Tc_002" data-provider="logintest" finished-at="2024-10-08T13:52:59 IST" duration-ms="525" status="PASS">
          <params>
            <param index="0">
              <value>
                <![CDATA[testabc123456@gmail.com]]>
              </value>
            </param>
            <param index="1">
              <value>
                <![CDATA[Demo@123]]>
              </value>
            </param>
            <param index="2">
              <value>
                <![CDATA[InValid]]>
              </value>
            </param>
          </params>
          <reporter-output>
          </reporter-output>
        </test-method> <!-- Tc_002 -->
        <test-method signature="Tc_002(java.lang.String,java.lang.String,java.lang.String)[pri:0, instance:testcases.Login_DataDriven@2002348]" started-at="2024-10-08T13:52:59 IST" name="Tc_002" data-provider="logintest" finished-at="2024-10-08T13:53:00 IST" duration-ms="324" status="PASS">
          <params>
            <param index="0">
              <value>
                <![CDATA[@invalid.com]]>
              </value>
            </param>
            <param index="1">
              <value>
                <![CDATA[alllowercase]]>
              </value>
            </param>
            <param index="2">
              <value>
                <![CDATA[Invalid ]]>
              </value>
            </param>
          </params>
          <reporter-output>
          </reporter-output>
        </test-method> <!-- Tc_002 -->
        <test-method signature="Tc_002(java.lang.String,java.lang.String,java.lang.String)[pri:0, instance:testcases.Login_DataDriven@2002348]" started-at="2024-10-08T13:53:00 IST" name="Tc_002" data-provider="logintest" finished-at="2024-10-08T13:53:00 IST" duration-ms="296" status="PASS">
          <params>
            <param index="0">
              <value>
                <![CDATA[invalid@]]>
              </value>
            </param>
            <param index="1">
              <value>
                <![CDATA[ALLUPPERCASE]]>
              </value>
            </param>
            <param index="2">
              <value>
                <![CDATA[Invalid ]]>
              </value>
            </param>
          </params>
          <reporter-output>
          </reporter-output>
        </test-method> <!-- Tc_002 -->
        <test-method signature="Tc_002(java.lang.String,java.lang.String,java.lang.String)[pri:0, instance:testcases.Login_DataDriven@2002348]" started-at="2024-10-08T13:53:00 IST" name="Tc_002" data-provider="logintest" finished-at="2024-10-08T13:53:00 IST" duration-ms="370" status="PASS">
          <params>
            <param index="0">
              <value>
                <![CDATA[invalid@.com]]>
              </value>
            </param>
            <param index="1">
              <value>
                <![CDATA[1234567890]]>
              </value>
            </param>
            <param index="2">
              <value>
                <![CDATA[Invalid ]]>
              </value>
            </param>
          </params>
          <reporter-output>
          </reporter-output>
        </test-method> <!-- Tc_002 -->
        <test-method signature="Tc_002(java.lang.String,java.lang.String,java.lang.String)[pri:0, instance:testcases.Login_DataDriven@2002348]" started-at="2024-10-08T13:53:00 IST" name="Tc_002" data-provider="logintest" finished-at="2024-10-08T13:53:01 IST" duration-ms="272" status="PASS">
          <params>
            <param index="0">
              <value>
                <![CDATA[invalid@com]]>
              </value>
            </param>
            <param index="1">
              <value>
                <![CDATA[noSpecial1]]>
              </value>
            </param>
            <param index="2">
              <value>
                <![CDATA[Invalid ]]>
              </value>
            </param>
          </params>
          <reporter-output>
          </reporter-output>
        </test-method> <!-- Tc_002 -->
        <test-method signature="Tc_002(java.lang.String,java.lang.String,java.lang.String)[pri:0, instance:testcases.Login_DataDriven@2002348]" started-at="2024-10-08T13:53:01 IST" name="Tc_002" data-provider="logintest" finished-at="2024-10-08T13:53:01 IST" duration-ms="280" status="PASS">
          <params>
            <param index="0">
              <value>
                <![CDATA[invalid@.com.]]>
              </value>
            </param>
            <param index="1">
              <value>
                <![CDATA[SpecialOnly@!]]>
              </value>
            </param>
            <param index="2">
              <value>
                <![CDATA[Invalid ]]>
              </value>
            </param>
          </params>
          <reporter-output>
          </reporter-output>
        </test-method> <!-- Tc_002 -->
        <test-method signature="Tc_002(java.lang.String,java.lang.String,java.lang.String)[pri:0, instance:testcases.Login_DataDriven@2002348]" started-at="2024-10-08T13:53:01 IST" name="Tc_002" data-provider="logintest" finished-at="2024-10-08T13:53:01 IST" duration-ms="301" status="PASS">
          <params>
            <param index="0">
              <value>
                <![CDATA[invalid@com..com]]>
              </value>
            </param>
            <param index="1">
              <value>
                <![CDATA[]]>
              </value>
            </param>
            <param index="2">
              <value>
                <![CDATA[Invalid ]]>
              </value>
            </param>
          </params>
          <reporter-output>
          </reporter-output>
        </test-method> <!-- Tc_002 -->
        <test-method signature="Tc_002(java.lang.String,java.lang.String,java.lang.String)[pri:0, instance:testcases.Login_DataDriven@2002348]" started-at="2024-10-08T13:53:01 IST" name="Tc_002" data-provider="logintest" finished-at="2024-10-08T13:53:02 IST" duration-ms="300" status="PASS">
          <params>
            <param index="0">
              <value>
                <![CDATA[invalid@@com.com]]>
              </value>
            </param>
            <param index="1">
              <value>
                <![CDATA[     ]]>
              </value>
            </param>
            <param index="2">
              <value>
                <![CDATA[Invalid ]]>
              </value>
            </param>
          </params>
          <reporter-output>
          </reporter-output>
        </test-method> <!-- Tc_002 -->
        <test-method signature="Tc_002(java.lang.String,java.lang.String,java.lang.String)[pri:0, instance:testcases.Login_DataDriven@2002348]" started-at="2024-10-08T13:53:02 IST" name="Tc_002" data-provider="logintest" finished-at="2024-10-08T13:53:02 IST" duration-ms="525" status="PASS">
          <params>
            <param index="0">
              <value>
                <![CDATA[inva lid@com.com]]>
              </value>
            </param>
            <param index="1">
              <value>
                <![CDATA[toolongtoolongtoolongtoolongtoolongtoolongtoolongtoolongtoolongtoolongtoolongtoolongtoolongtoolongtoolongtoolongtoolongtoolongtoolongtoolong]]>
              </value>
            </param>
            <param index="2">
              <value>
                <![CDATA[Invalid ]]>
              </value>
            </param>
          </params>
          <reporter-output>
          </reporter-output>
        </test-method> <!-- Tc_002 -->
        <test-method signature="Tc_002(java.lang.String,java.lang.String,java.lang.String)[pri:0, instance:testcases.Login_DataDriven@2002348]" started-at="2024-10-08T13:53:02 IST" name="Tc_002" data-provider="logintest" finished-at="2024-10-08T13:53:02 IST" duration-ms="272" status="PASS">
          <params>
            <param index="0">
              <value>
                <![CDATA[invalid@com.com.]]>
              </value>
            </param>
            <param index="1">
              <value>
                <![CDATA[pa$$w0rd]]>
              </value>
            </param>
            <param index="2">
              <value>
                <![CDATA[Invalid ]]>
              </value>
            </param>
          </params>
          <reporter-output>
          </reporter-output>
        </test-method> <!-- Tc_002 -->
        <test-method signature="Tc_002(java.lang.String,java.lang.String,java.lang.String)[pri:0, instance:testcases.Login_DataDriven@2002348]" started-at="2024-10-08T13:53:02 IST" name="Tc_002" data-provider="logintest" finished-at="2024-10-08T13:53:03 IST" duration-ms="346" status="PASS">
          <params>
            <param index="0">
              <value>
                <![CDATA[invalidemail.com]]>
              </value>
            </param>
            <param index="1">
              <value>
                <![CDATA[short]]>
              </value>
            </param>
            <param index="2">
              <value>
                <![CDATA[Invalid ]]>
              </value>
            </param>
          </params>
          <reporter-output>
          </reporter-output>
        </test-method> <!-- Tc_002 -->
        <test-method signature="Tc_002(java.lang.String,java.lang.String,java.lang.String)[pri:0, instance:testcases.Login_DataDriven@2002348]" started-at="2024-10-08T13:53:03 IST" name="Tc_002" data-provider="logintest" finished-at="2024-10-08T13:53:03 IST" duration-ms="464" status="PASS">
          <params>
            <param index="0">
              <value>
                <![CDATA[abc123@gmail.com]]>
              </value>
            </param>
            <param index="1">
              <value>
                <![CDATA[test@123]]>
              </value>
            </param>
            <param index="2">
              <value>
                <![CDATA[Invalid]]>
              </value>
            </param>
          </params>
          <reporter-output>
          </reporter-output>
        </test-method> <!-- Tc_002 -->
        <test-method signature="Tc_002(java.lang.String,java.lang.String,java.lang.String)[pri:0, instance:testcases.Login_DataDriven@2002348]" started-at="2024-10-08T13:53:03 IST" name="Tc_002" data-provider="logintest" finished-at="2024-10-08T13:53:05 IST" duration-ms="2128" status="PASS">
          <params>
            <param index="0">
              <value>
                <![CDATA[student]]>
              </value>
            </param>
            <param index="1">
              <value>
                <![CDATA[Password123]]>
              </value>
            </param>
            <param index="2">
              <value>
                <![CDATA[Valid]]>
              </value>
            </param>
          </params>
          <reporter-output>
          </reporter-output>
        </test-method> <!-- Tc_002 -->
        <test-method is-config="true" signature="teardown()[pri:0, instance:testcases.Login_DataDriven@2002348]" started-at="2024-10-08T13:53:05 IST" name="teardown" finished-at="2024-10-08T13:53:06 IST" duration-ms="209" status="PASS">
          <reporter-output>
          </reporter-output>
        </test-method> <!-- teardown -->
      </class> <!-- testcases.Login_DataDriven -->
    </test> <!-- master -->
  </suite> <!-- master Suite -->
</testng-results>
