<?xml version="1.0" encoding="UTF-8"?>
<testsuite xmlns:xsi="http://www.w3.org/2001/XMLSchema-instance" xsi:noNamespaceSchemaLocation="https://maven.apache.org/surefire/maven-surefire-plugin/xsd/surefire-test-report.xsd" version="3.0.1" name="TestSuite" time="56.159" tests="15" errors="0" skipped="0" failures="0">
  <properties>
[...]
</properties>
  <testcase name="Tc_001" classname="testcases.Tc__001validLogin" time="5.138">
    <system-err><![CDATA[Jul 08, 2024 9:21:43 PM org.openqa.selenium.devtools.CdpVersionFinder findNearestMatch
WARNING: Unable to find an exact match for CDP version 126, returning the closest version; found: 124; Please update to a Selenium version that supports CDP version 126
]]></system-err>
  </testcase>
  <testcase name="Tc_002" classname="testcases.Tc_002_Invalid_Login" time="0.407">
    <system-err><![CDATA[Jul 08, 2024 9:21:54 PM org.openqa.selenium.remote.http.WebSocket$Listener onError
WARNING: Connection reset
java.net.SocketException: Connection reset
	at java.base/sun.nio.ch.SocketChannelImpl.throwConnectionReset(SocketChannelImpl.java:401)
	at java.base/sun.nio.ch.SocketChannelImpl.read(SocketChannelImpl.java:434)
	at java.net.http/jdk.internal.net.http.SocketTube.readAvailable(SocketTube.java:1178)
	at java.net.http/jdk.internal.net.http.SocketTube$InternalReadPublisher$InternalReadSubscription.read(SocketTube.java:841)
	at java.net.http/jdk.internal.net.http.SocketTube$SocketFlowTask.run(SocketTube.java:181)
	at java.net.http/jdk.internal.net.http.common.SequentialScheduler$SchedulableTask.run(SequentialScheduler.java:207)
	at java.net.http/jdk.internal.net.http.common.SequentialScheduler.runOrSchedule(SequentialScheduler.java:280)
	at java.net.http/jdk.internal.net.http.common.SequentialScheduler.runOrSchedule(SequentialScheduler.java:233)
	at java.net.http/jdk.internal.net.http.SocketTube$InternalReadPublisher$InternalReadSubscription.signalReadable(SocketTube.java:782)
	at java.net.http/jdk.internal.net.http.SocketTube$InternalReadPublisher$ReadEvent.signalEvent(SocketTube.java:965)
	at java.net.http/jdk.internal.net.http.SocketTube$SocketFlowEvent.handle(SocketTube.java:253)
	at java.net.http/jdk.internal.net.http.HttpClientImpl$SelectorManager.handleEvent(HttpClientImpl.java:1467)
	at java.net.http/jdk.internal.net.http.HttpClientImpl$SelectorManager.lambda$run$3(HttpClientImpl.java:1412)
	at java.base/java.util.ArrayList.forEach(ArrayList.java:1596)
	at java.net.http/jdk.internal.net.http.HttpClientImpl$SelectorManager.run(HttpClientImpl.java:1412)

Jul 08, 2024 9:21:56 PM org.openqa.selenium.devtools.CdpVersionFinder findNearestMatch
WARNING: Unable to find an exact match for CDP version 126, returning the closest version; found: 124; Please update to a Selenium version that supports CDP version 126
]]></system-err>
  </testcase>
  <testcase name="Tc_002[testabc123456@gmail.com, Demo@123, InValid](1)" classname="testcases.Login_DataDriven" time="0.486">
    <system-err><![CDATA[Jul 08, 2024 9:22:06 PM org.openqa.selenium.remote.http.WebSocket$Listener onError
WARNING: Connection reset
java.net.SocketException: Connection reset
	at java.base/sun.nio.ch.SocketChannelImpl.throwConnectionReset(SocketChannelImpl.java:401)
	at java.base/sun.nio.ch.SocketChannelImpl.read(SocketChannelImpl.java:434)
	at java.net.http/jdk.internal.net.http.SocketTube.readAvailable(SocketTube.java:1178)
	at java.net.http/jdk.internal.net.http.SocketTube$InternalReadPublisher$InternalReadSubscription.read(SocketTube.java:841)
	at java.net.http/jdk.internal.net.http.SocketTube$SocketFlowTask.run(SocketTube.java:181)
	at java.net.http/jdk.internal.net.http.common.SequentialScheduler$SchedulableTask.run(SequentialScheduler.java:207)
	at java.net.http/jdk.internal.net.http.common.SequentialScheduler.runOrSchedule(SequentialScheduler.java:280)
	at java.net.http/jdk.internal.net.http.common.SequentialScheduler.runOrSchedule(SequentialScheduler.java:233)
	at java.net.http/jdk.internal.net.http.SocketTube$InternalReadPublisher$InternalReadSubscription.signalReadable(SocketTube.java:782)
	at java.net.http/jdk.internal.net.http.SocketTube$InternalReadPublisher$ReadEvent.signalEvent(SocketTube.java:965)
	at java.net.http/jdk.internal.net.http.SocketTube$SocketFlowEvent.handle(SocketTube.java:253)
	at java.net.http/jdk.internal.net.http.HttpClientImpl$SelectorManager.handleEvent(HttpClientImpl.java:1467)
	at java.net.http/jdk.internal.net.http.HttpClientImpl$SelectorManager.lambda$run$3(HttpClientImpl.java:1412)
	at java.base/java.util.ArrayList.forEach(ArrayList.java:1596)
	at java.net.http/jdk.internal.net.http.HttpClientImpl$SelectorManager.run(HttpClientImpl.java:1412)

Jul 08, 2024 9:22:08 PM org.openqa.selenium.devtools.CdpVersionFinder findNearestMatch
WARNING: Unable to find an exact match for CDP version 126, returning the closest version; found: 124; Please update to a Selenium version that supports CDP version 126
]]></system-err>
  </testcase>
  <testcase name="Tc_002[@invalid.com, alllowercase, Invalid ](2)" classname="testcases.Login_DataDriven" time="0.295"/>
  <testcase name="Tc_002[invalid@, ALLUPPERCASE, Invalid ](3)" classname="testcases.Login_DataDriven" time="0.273"/>
  <testcase name="Tc_002[invalid@.com, 1234567890, Invalid ](4)" classname="testcases.Login_DataDriven" time="0.312"/>
  <testcase name="Tc_002[invalid@com, noSpecial1, Invalid ](5)" classname="testcases.Login_DataDriven" time="0.281"/>
  <testcase name="Tc_002[invalid@.com., SpecialOnly@!, Invalid ](6)" classname="testcases.Login_DataDriven" time="0.272"/>
  <testcase name="Tc_002[invalid@com..com, , Invalid ](7)" classname="testcases.Login_DataDriven" time="0.254"/>
  <testcase name="Tc_002[invalid@@com.com,      , Invalid ](8)" classname="testcases.Login_DataDriven" time="0.261"/>
  <testcase name="Tc_002[inva lid@com.com, toolongtoolongtoolongtoolongtoolongtoolongtoolongtoolongtoolongtoolongtoolongtoolongtoolongtoolongtoolongtoolongtoolongtoolongtoolongtoolong, Invalid ](9)" classname="testcases.Login_DataDriven" time="0.476"/>
  <testcase name="Tc_002[invalid@com.com., pa$$w0rd, Invalid ](10)" classname="testcases.Login_DataDriven" time="0.254"/>
  <testcase name="Tc_002[invalidemail.com, short, Invalid ](11)" classname="testcases.Login_DataDriven" time="0.295"/>
  <testcase name="Tc_002[abc123@gmail.com, test@123, Invalid](12)" classname="testcases.Login_DataDriven" time="0.321"/>
  <testcase name="Tc_002[student, Password123, Valid](13)" classname="testcases.Login_DataDriven" time="3.025"/>
</testsuite>