<?xml version="1.0" encoding="UTF-8"?>
<testng-results ignored="0" total="15" passed="15" failed="0" skipped="0">
  <reporter-output>
  </reporter-output>
  <suite started-at="2024-07-08T13:30:10 IST" name="master Suite" finished-at="2024-07-08T13:30:51 IST" duration-ms="41334">
    <groups>
      <group name="master">
        <method signature="Login_DataDriven.Tc_002(java.lang.String,java.lang.String,java.lang.String)[pri:0, instance:testcases.Login_DataDriven@1506f20f]" name="Tc_002" class="testcases.Login_DataDriven"/>
        <method signature="Tc_002_Invalid_Login.Tc_002()[pri:0, instance:testcases.Tc_002_Invalid_Login@54d18072]" name="Tc_002" class="testcases.Tc_002_Invalid_Login"/>
        <method signature="Tc__001validLogin.Tc_001()[pri:0, instance:testcases.Tc__001validLogin@74a6a609]" name="Tc_001" class="testcases.Tc__001validLogin"/>
      </group> <!-- master -->
    </groups>
    <test started-at="2024-07-08T13:30:10 IST" name="master" finished-at="2024-07-08T13:30:51 IST" duration-ms="41334">
      <class name="testcases.Tc_002_Invalid_Login">
        <test-method is-config="true" signature="setup(java.lang.String,java.lang.String)[pri:0, instance:testcases.Tc_002_Invalid_Login@54d18072]" started-at="2024-07-08T13:30:26 IST" name="setup" finished-at="2024-07-08T13:30:34 IST" duration-ms="8288" status="PASS">
          <params>
            <param index="0">
              <value>
                <![CDATA[windows]]>
              </value>
            </param>
            <param index="1">
              <value>
                <![CDATA[chrome]]>
              </value>
            </param>
          </params>
          <reporter-output>
          </reporter-output>
        </test-method> <!-- setup -->
        <test-method signature="Tc_002()[pri:0, instance:testcases.Tc_002_Invalid_Login@54d18072]" started-at="2024-07-08T13:30:34 IST" name="Tc_002" finished-at="2024-07-08T13:30:34 IST" duration-ms="387" status="PASS">
          <reporter-output>
          </reporter-output>
        </test-method> <!-- Tc_002 -->
        <test-method is-config="true" signature="teardown()[pri:0, instance:testcases.Tc_002_Invalid_Login@54d18072]" started-at="2024-07-08T13:30:34 IST" name="teardown" finished-at="2024-07-08T13:30:35 IST" duration-ms="346" status="PASS">
          <reporter-output>
          </reporter-output>
        </test-method> <!-- teardown -->
      </class> <!-- testcases.Tc_002_Invalid_Login -->
      <class name="testcases.Tc__001validLogin">
        <test-method is-config="true" signature="setup(java.lang.String,java.lang.String)[pri:0, instance:testcases.Tc__001validLogin@74a6a609]" started-at="2024-07-08T13:30:10 IST" name="setup" finished-at="2024-07-08T13:30:20 IST" duration-ms="9475" status="PASS">
          <params>
            <param index="0">
              <value>
                <![CDATA[windows]]>
              </value>
            </param>
            <param index="1">
              <value>
                <![CDATA[chrome]]>
              </value>
            </param>
          </params>
          <reporter-output>
          </reporter-output>
        </test-method> <!-- setup -->
        <test-method signature="Tc_001()[pri:0, instance:testcases.Tc__001validLogin@74a6a609]" started-at="2024-07-08T13:30:20 IST" name="Tc_001" finished-at="2024-07-08T13:30:25 IST" duration-ms="5806" status="PASS">
          <reporter-output>
          </reporter-output>
        </test-method> <!-- Tc_001 -->
        <test-method is-config="true" signature="teardown()[pri:0, instance:testcases.Tc__001validLogin@74a6a609]" started-at="2024-07-08T13:30:26 IST" name="teardown" finished-at="2024-07-08T13:30:26 IST" duration-ms="216" status="PASS">
          <reporter-output>
          </reporter-output>
        </test-method> <!-- teardown -->
      </class> <!-- testcases.Tc__001validLogin -->
      <class name="testcases.Login_DataDriven">
        <test-method is-config="true" signature="setup(java.lang.String,java.lang.String)[pri:0, instance:testcases.Login_DataDriven@1506f20f]" started-at="2024-07-08T13:30:35 IST" name="setup" finished-at="2024-07-08T13:30:42 IST" duration-ms="7693" status="PASS">
          <params>
            <param index="0">
              <value>
                <![CDATA[windows]]>
              </value>
            </param>
            <param index="1">
              <value>
                <![CDATA[chrome]]>
              </value>
            </param>
          </params>
          <reporter-output>
          </reporter-output>
        </test-method> <!-- setup -->
        <test-method signature="Tc_002(java.lang.String,java.lang.String,java.lang.String)[pri:0, instance:testcases.Login_DataDriven@1506f20f]" started-at="2024-07-08T13:30:45 IST" name="Tc_002" data-provider="logintest" finished-at="2024-07-08T13:30:45 IST" duration-ms="440" status="PASS">
          <params>
            <param index="0">
              <value>
                <![CDATA[testabc123456@gmail.com]]>
              </value>
            </param>
            <param index="1">
              <value>
                <![CDATA[Demo@123]]>
              </value>
            </param>
            <param index="2">
              <value>
                <![CDATA[InValid]]>
              </value>
            </param>
          </params>
          <reporter-output>
          </reporter-output>
        </test-method> <!-- Tc_002 -->
        <test-method signature="Tc_002(java.lang.String,java.lang.String,java.lang.String)[pri:0, instance:testcases.Login_DataDriven@1506f20f]" started-at="2024-07-08T13:30:45 IST" name="Tc_002" data-provider="logintest" finished-at="2024-07-08T13:30:45 IST" duration-ms="307" status="PASS">
          <params>
            <param index="0">
              <value>
                <![CDATA[@invalid.com]]>
              </value>
            </param>
            <param index="1">
              <value>
                <![CDATA[alllowercase]]>
              </value>
            </param>
            <param index="2">
              <value>
                <![CDATA[Invalid ]]>
              </value>
            </param>
          </params>
          <reporter-output>
          </reporter-output>
        </test-method> <!-- Tc_002 -->
        <test-method signature="Tc_002(java.lang.String,java.lang.String,java.lang.String)[pri:0, instance:testcases.Login_DataDriven@1506f20f]" started-at="2024-07-08T13:30:45 IST" name="Tc_002" data-provider="logintest" finished-at="2024-07-08T13:30:46 IST" duration-ms="352" status="PASS">
          <params>
            <param index="0">
              <value>
                <![CDATA[invalid@]]>
              </value>
            </param>
            <param index="1">
              <value>
                <![CDATA[ALLUPPERCASE]]>
              </value>
            </param>
            <param index="2">
              <value>
                <![CDATA[Invalid ]]>
              </value>
            </param>
          </params>
          <reporter-output>
          </reporter-output>
        </test-method> <!-- Tc_002 -->
        <test-method signature="Tc_002(java.lang.String,java.lang.String,java.lang.String)[pri:0, instance:testcases.Login_DataDriven@1506f20f]" started-at="2024-07-08T13:30:46 IST" name="Tc_002" data-provider="logintest" finished-at="2024-07-08T13:30:46 IST" duration-ms="271" status="PASS">
          <params>
            <param index="0">
              <value>
                <![CDATA[invalid@.com]]>
              </value>
            </param>
            <param index="1">
              <value>
                <![CDATA[1234567890]]>
              </value>
            </param>
            <param index="2">
              <value>
                <![CDATA[Invalid ]]>
              </value>
            </param>
          </params>
          <reporter-output>
          </reporter-output>
        </test-method> <!-- Tc_002 -->
        <test-method signature="Tc_002(java.lang.String,java.lang.String,java.lang.String)[pri:0, instance:testcases.Login_DataDriven@1506f20f]" started-at="2024-07-08T13:30:46 IST" name="Tc_002" data-provider="logintest" finished-at="2024-07-08T13:30:46 IST" duration-ms="266" status="PASS">
          <params>
            <param index="0">
              <value>
                <![CDATA[invalid@com]]>
              </value>
            </param>
            <param index="1">
              <value>
                <![CDATA[noSpecial1]]>
              </value>
            </param>
            <param index="2">
              <value>
                <![CDATA[Invalid ]]>
              </value>
            </param>
          </params>
          <reporter-output>
          </reporter-output>
        </test-method> <!-- Tc_002 -->
        <test-method signature="Tc_002(java.lang.String,java.lang.String,java.lang.String)[pri:0, instance:testcases.Login_DataDriven@1506f20f]" started-at="2024-07-08T13:30:46 IST" name="Tc_002" data-provider="logintest" finished-at="2024-07-08T13:30:47 IST" duration-ms="272" status="PASS">
          <params>
            <param index="0">
              <value>
                <![CDATA[invalid@.com.]]>
              </value>
            </param>
            <param index="1">
              <value>
                <![CDATA[SpecialOnly@!]]>
              </value>
            </param>
            <param index="2">
              <value>
                <![CDATA[Invalid ]]>
              </value>
            </param>
          </params>
          <reporter-output>
          </reporter-output>
        </test-method> <!-- Tc_002 -->
        <test-method signature="Tc_002(java.lang.String,java.lang.String,java.lang.String)[pri:0, instance:testcases.Login_DataDriven@1506f20f]" started-at="2024-07-08T13:30:47 IST" name="Tc_002" data-provider="logintest" finished-at="2024-07-08T13:30:47 IST" duration-ms="254" status="PASS">
          <params>
            <param index="0">
              <value>
                <![CDATA[invalid@com..com]]>
              </value>
            </param>
            <param index="1">
              <value>
                <![CDATA[]]>
              </value>
            </param>
            <param index="2">
              <value>
                <![CDATA[Invalid ]]>
              </value>
            </param>
          </params>
          <reporter-output>
          </reporter-output>
        </test-method> <!-- Tc_002 -->
        <test-method signature="Tc_002(java.lang.String,java.lang.String,java.lang.String)[pri:0, instance:testcases.Login_DataDriven@1506f20f]" started-at="2024-07-08T13:30:47 IST" name="Tc_002" data-provider="logintest" finished-at="2024-07-08T13:30:47 IST" duration-ms="255" status="PASS">
          <params>
            <param index="0">
              <value>
                <![CDATA[invalid@@com.com]]>
              </value>
            </param>
            <param index="1">
              <value>
                <![CDATA[     ]]>
              </value>
            </param>
            <param index="2">
              <value>
                <![CDATA[Invalid ]]>
              </value>
            </param>
          </params>
          <reporter-output>
          </reporter-output>
        </test-method> <!-- Tc_002 -->
        <test-method signature="Tc_002(java.lang.String,java.lang.String,java.lang.String)[pri:0, instance:testcases.Login_DataDriven@1506f20f]" started-at="2024-07-08T13:30:47 IST" name="Tc_002" data-provider="logintest" finished-at="2024-07-08T13:30:48 IST" duration-ms="467" status="PASS">
          <params>
            <param index="0">
              <value>
                <![CDATA[inva lid@com.com]]>
              </value>
            </param>
            <param index="1">
              <value>
                <![CDATA[toolongtoolongtoolongtoolongtoolongtoolongtoolongtoolongtoolongtoolongtoolongtoolongtoolongtoolongtoolongtoolongtoolongtoolongtoolongtoolong]]>
              </value>
            </param>
            <param index="2">
              <value>
                <![CDATA[Invalid ]]>
              </value>
            </param>
          </params>
          <reporter-output>
          </reporter-output>
        </test-method> <!-- Tc_002 -->
        <test-method signature="Tc_002(java.lang.String,java.lang.String,java.lang.String)[pri:0, instance:testcases.Login_DataDriven@1506f20f]" started-at="2024-07-08T13:30:48 IST" name="Tc_002" data-provider="logintest" finished-at="2024-07-08T13:30:48 IST" duration-ms="317" status="PASS">
          <params>
            <param index="0">
              <value>
                <![CDATA[invalid@com.com.]]>
              </value>
            </param>
            <param index="1">
              <value>
                <![CDATA[pa$$w0rd]]>
              </value>
            </param>
            <param index="2">
              <value>
                <![CDATA[Invalid ]]>
              </value>
            </param>
          </params>
          <reporter-output>
          </reporter-output>
        </test-method> <!-- Tc_002 -->
        <test-method signature="Tc_002(java.lang.String,java.lang.String,java.lang.String)[pri:0, instance:testcases.Login_DataDriven@1506f20f]" started-at="2024-07-08T13:30:48 IST" name="Tc_002" data-provider="logintest" finished-at="2024-07-08T13:30:48 IST" duration-ms="268" status="PASS">
          <params>
            <param index="0">
              <value>
                <![CDATA[invalidemail.com]]>
              </value>
            </param>
            <param index="1">
              <value>
                <![CDATA[short]]>
              </value>
            </param>
            <param index="2">
              <value>
                <![CDATA[Invalid ]]>
              </value>
            </param>
          </params>
          <reporter-output>
          </reporter-output>
        </test-method> <!-- Tc_002 -->
        <test-method signature="Tc_002(java.lang.String,java.lang.String,java.lang.String)[pri:0, instance:testcases.Login_DataDriven@1506f20f]" started-at="2024-07-08T13:30:48 IST" name="Tc_002" data-provider="logintest" finished-at="2024-07-08T13:30:48 IST" duration-ms="308" status="PASS">
          <params>
            <param index="0">
              <value>
                <![CDATA[abc123@gmail.com]]>
              </value>
            </param>
            <param index="1">
              <value>
                <![CDATA[test@123]]>
              </value>
            </param>
            <param index="2">
              <value>
                <![CDATA[Invalid]]>
              </value>
            </param>
          </params>
          <reporter-output>
          </reporter-output>
        </test-method> <!-- Tc_002 -->
        <test-method signature="Tc_002(java.lang.String,java.lang.String,java.lang.String)[pri:0, instance:testcases.Login_DataDriven@1506f20f]" started-at="2024-07-08T13:30:48 IST" name="Tc_002" data-provider="logintest" finished-at="2024-07-08T13:30:51 IST" duration-ms="2471" status="PASS">
          <params>
            <param index="0">
              <value>
                <![CDATA[student]]>
              </value>
            </param>
            <param index="1">
              <value>
                <![CDATA[Password123]]>
              </value>
            </param>
            <param index="2">
              <value>
                <![CDATA[Valid]]>
              </value>
            </param>
          </params>
          <reporter-output>
          </reporter-output>
        </test-method> <!-- Tc_002 -->
        <test-method is-config="true" signature="teardown()[pri:0, instance:testcases.Login_DataDriven@1506f20f]" started-at="2024-07-08T13:30:51 IST" name="teardown" finished-at="2024-07-08T13:30:51 IST" duration-ms="216" status="PASS">
          <reporter-output>
          </reporter-output>
        </test-method> <!-- teardown -->
      </class> <!-- testcases.Login_DataDriven -->
    </test> <!-- master -->
  </suite> <!-- master Suite -->
</testng-results>
